<?xml version="1.0" encoding="UTF-8"?>
<testng-results total="1" passed="1" failed="0" skipped="0">
  <reporter-output>
    <line>
      <![CDATA[nareshit]]>
    </line>
    <line>
      <![CDATA[nareshit]]>
    </line>
    <line>
      <![CDATA[Application opened]]>
    </line>
    <line>
      <![CDATA[Login completed]]>
    </line>
    <line>
      <![CDATA[OrangeHRM]]>
    </line>
    <line>
      <![CDATA[Logout completed]]>
    </line>
  </reporter-output>
  <suite started-at="2023-06-14T13:48:38Z" name="Default suite" finished-at="2023-06-14T13:48:55Z" duration-ms="16790">
    <groups>
    </groups>
    <test started-at="2023-06-14T13:48:38Z" name="Default test" finished-at="2023-06-14T13:48:55Z" duration-ms="16790">
      <class name="TestngExamples.Exp_WD_Testng1">
        <test-method is-config="true" signature="startUp()[pri:0, instance:TestngExamples.Exp_WD_Testng1@2c78d320]" started-at="2023-06-14T19:18:38Z" name="startUp" finished-at="2023-06-14T19:18:43Z" duration-ms="5050" status="PASS">
          <reporter-output>
          </reporter-output>
        </test-method> <!-- startUp -->
        <test-method signature="tc001()[pri:0, instance:TestngExamples.Exp_WD_Testng1@2c78d320]" started-at="2023-06-14T19:18:43Z" name="tc001" finished-at="2023-06-14T19:18:52Z" duration-ms="8473" status="PASS">
          <reporter-output>
            <line>
              <![CDATA[nareshit]]>
            </line>
            <line>
              <![CDATA[nareshit]]>
            </line>
            <line>
              <![CDATA[Application opened]]>
            </line>
            <line>
              <![CDATA[Login completed]]>
            </line>
            <line>
              <![CDATA[OrangeHRM]]>
            </line>
            <line>
              <![CDATA[Logout completed]]>
            </line>
          </reporter-output>
        </test-method> <!-- tc001 -->
        <test-method is-config="true" signature="tearDown()[pri:0, instance:TestngExamples.Exp_WD_Testng1@2c78d320]" started-at="2023-06-14T19:18:52Z" name="tearDown" finished-at="2023-06-14T19:18:55Z" duration-ms="3249" status="PASS">
          <reporter-output>
          </reporter-output>
        </test-method> <!-- tearDown -->
      </class> <!-- TestngExamples.Exp_WD_Testng1 -->
    </test> <!-- Default test -->
  </suite> <!-- Default suite -->
</testng-results>
